{
  "stats": {
    "suites": 3,
    "tests": 11,
    "passes": 11,
    "pending": 0,
    "failures": 0,
    "testsRegistered": 11,
    "passPercent": 100,
    "pendingPercent": 0,
    "other": 0,
    "hasOther": false,
    "skipped": 0,
    "hasSkipped": false,
    "start": "2025-04-07T16:51:35.140Z",
    "end": "2025-04-07T16:53:21.703Z",
    "duration": 106563
  },
  "results": [
    {
      "uuid": "0f8caa4c-f1b5-4007-a67b-bbad9d2defe1",
      "title": "",
      "fullFile": "cypress/e2e/flipkart/loginusingEmail.cy.js",
      "file": "cypress/e2e/flipkart/loginusingEmail.cy.js",
      "beforeHooks": [],
      "afterHooks": [],
      "tests": [],
      "suites": [
        {
          "uuid": "2ee0ddfa-eb48-495a-bb6e-f716b0ee04e6",
          "title": "LoginPage Test Suite",
          "fullFile": "",
          "file": "",
          "beforeHooks": [],
          "afterHooks": [],
          "tests": [
            {
              "title": "verify login with unregistered email",
              "fullTitle": "LoginPage Test Suite verify login with unregistered email",
              "timedOut": null,
              "duration": 3938,
              "state": "passed",
              "speed": "fast",
              "pass": true,
              "fail": false,
              "pending": false,
              "context": null,
              "code": "_HomePage.default.getLoginLink().click(); // Click the login link\n_LoginPage.default.getEmailInputField();\n_LoginPage.default.enterEmail(\"invalid_user@gmail.com\"); // Enter invalid email\n_LoginPage.default.clickRequestOTPbutton(); // Click the Request OTP button\n_LoginPage.default.UnregisteredEmailToaster(); // Check if the toast notification is visible",
              "err": {},
              "uuid": "5dd9e825-131f-41b8-9cf5-95739d75f783",
              "parentUUID": "2ee0ddfa-eb48-495a-bb6e-f716b0ee04e6",
              "isHook": false,
              "skipped": false
            },
            {
              "title": "verify login with invalid or empty email",
              "fullTitle": "LoginPage Test Suite verify login with invalid or empty email",
              "timedOut": null,
              "duration": 2771,
              "state": "passed",
              "speed": "fast",
              "pass": true,
              "fail": false,
              "pending": false,
              "context": null,
              "code": "_HomePage.default.getLoginLink().click(); // Click the login link\n_LoginPage.default.getEmailInputField();\n_LoginPage.default.enterEmail(\"test>\"); // Enter empty email\n_LoginPage.default.clickRequestOTPbutton(); // Click the Request OTP button\n_LoginPage.default.InvalidEmailToaster(); // Check if the toast notification is visible",
              "err": {},
              "uuid": "28bea1b0-bed9-48da-8157-300d514951b4",
              "parentUUID": "2ee0ddfa-eb48-495a-bb6e-f716b0ee04e6",
              "isHook": false,
              "skipped": false
            },
            {
              "title": "change email for login",
              "fullTitle": "LoginPage Test Suite change email for login",
              "timedOut": null,
              "duration": 5178,
              "state": "passed",
              "speed": "medium",
              "pass": true,
              "fail": false,
              "pending": false,
              "context": null,
              "code": "_HomePage.default.getLoginLink().click(); // Click login link\n_LoginPage.default.getEmailInputField(); // Check if the email input field is visible\n_LoginPage.default.enterEmail(Cypress.env(\"INITIAL_USER\")); // Enter initial email\n_LoginPage.default.clickRequestOTPbutton(); // Click \"Request OTP\"\n_LoginPage.default.OTPsentToaster(Cypress.env(\"INITIAL_USER\")); // Check if the toast notification is visible\ncy.verificationUnsuccessfulState().then(failed => {\n  if (failed) {\n    cy.log('❌ Verification failed. Stopping test execution.');\n    return; // ✅ STOP test execution here\n  }\n  // ✅ Proceed only if verification passed\n  _LoginPage.default.changeemailbutton();\n  _LoginPage.default.reenterEmail(Cypress.env(\"EMAIL_USER\")); // Enter new email\n  _LoginPage.default.clickRequestOTPbutton(); // Click \"Request OTP\"\n  _LoginPage.default.OTPsentToaster(Cypress.env(\"EMAIL_USER\")); // Check if the toast notification is visible\n});",
              "err": {},
              "uuid": "cad80c49-a5c6-4b6d-9e50-6dd557a652e8",
              "parentUUID": "2ee0ddfa-eb48-495a-bb6e-f716b0ee04e6",
              "isHook": false,
              "skipped": false
            },
            {
              "title": "verify resend OTP functionality",
              "fullTitle": "LoginPage Test Suite verify resend OTP functionality",
              "timedOut": null,
              "duration": 19398,
              "state": "passed",
              "speed": "slow",
              "pass": true,
              "fail": false,
              "pending": false,
              "context": null,
              "code": "_HomePage.default.getLoginLink().click(); // Click the login link\n_LoginPage.default.getEmailInputField();\n_LoginPage.default.enterEmail(Cypress.env(\"EMAIL_USER\")); // Enter email or phone number\n_LoginPage.default.clickRequestOTPbutton(); // Click the Request OTP button\n_LoginPage.default.OTPsentToaster(Cypress.env(\"EMAIL_USER\")); // Check if the toast notification is visible\ncy.verificationUnsuccessfulState().then(failed => {\n  if (failed) {\n    cy.log('❌ Verification failed. Stopping test execution.');\n    return; // ✅ STOP test execution here\n  }\n  _LoginPage.default.OTPnotreceivedToaster();\n  _LoginPage.default.resendOTPbutton(); // Click the resend OTP button\n  _LoginPage.default.OTPsentToaster(Cypress.env(\"EMAIL_USER\"));\n});",
              "err": {},
              "uuid": "437158b0-49cf-4d0a-bac3-470cd4f2aec3",
              "parentUUID": "2ee0ddfa-eb48-495a-bb6e-f716b0ee04e6",
              "isHook": false,
              "skipped": false
            },
            {
              "title": "verify incorrect OTP entered functionality",
              "fullTitle": "LoginPage Test Suite verify incorrect OTP entered functionality",
              "timedOut": null,
              "duration": 5179,
              "state": "passed",
              "speed": "medium",
              "pass": true,
              "fail": false,
              "pending": false,
              "context": null,
              "code": "_HomePage.default.getLoginLink().click(); // Click the login link\n_LoginPage.default.getEmailInputField();\n_LoginPage.default.enterEmail(Cypress.env(\"EMAIL_USER\")); // Enter email or phone number\n_LoginPage.default.clickRequestOTPbutton(Cypress.env(\"EMAIL_USER\")); // Click the Request OTP button\n_LoginPage.default.OTPsentToaster(Cypress.env(\"EMAIL_USER\")); // Check if the toast notification is visible\ncy.verificationUnsuccessfulState().then(failed => {\n  if (failed) {\n    cy.log('❌ Verification failed. Stopping test execution.');\n    return; // ✅ STOP test execution here\n  }\n  // Enter incorrect OTP\n  const otp = \"123456\"; // Example incorrect OTP\n  _LoginPage.default.enterOTP(otp); // Enter incorrect OTP\n  _LoginPage.default.clickVerifybutton(); // Click the Verify button\n  _LoginPage.default.IncorrectOTPToaster(); // Check if the toast notification is visible\n});",
              "err": {},
              "uuid": "8ee3e564-44e6-4d10-b042-f10a6951e8f3",
              "parentUUID": "2ee0ddfa-eb48-495a-bb6e-f716b0ee04e6",
              "isHook": false,
              "skipped": false
            },
            {
              "title": "extract OTP and enter correct OTP",
              "fullTitle": "LoginPage Test Suite extract OTP and enter correct OTP",
              "timedOut": null,
              "duration": 17617,
              "state": "passed",
              "speed": "slow",
              "pass": true,
              "fail": false,
              "pending": false,
              "context": null,
              "code": "_HomePage.default.getLoginLink().click(); // Click the login link\n_LoginPage.default.getEmailInputField().should('be.visible');\n_LoginPage.default.enterEmail(Cypress.env(\"EMAIL_USER\")); // Enter email or phone number\n_LoginPage.default.clickRequestOTPbutton(); // Click the Request OTP button\ncy.wait(5000); // Wait for OTP email to arrive\ncy.verificationUnsuccessfulState().then(failed => {\n  if (failed) {\n    cy.log('❌ Verification failed. Stopping test execution.');\n    return;\n  }\n  cy.getOTP().then(otp => {\n    expect(otp).to.match(/^\\d{6}$/); // ✅ Validate OTP format\n    _LoginPage.default.enterOTP(otp); // ✅ Enter OTP only inside this block\n    _LoginPage.default.clickVerifybutton(); // ✅ Click Verify button after OTP is entered\n  });\n});",
              "err": {},
              "uuid": "a541ddcb-4da0-41f9-acc1-5198c6b283ba",
              "parentUUID": "2ee0ddfa-eb48-495a-bb6e-f716b0ee04e6",
              "isHook": false,
              "skipped": false
            }
          ],
          "suites": [],
          "passes": [
            "5dd9e825-131f-41b8-9cf5-95739d75f783",
            "28bea1b0-bed9-48da-8157-300d514951b4",
            "cad80c49-a5c6-4b6d-9e50-6dd557a652e8",
            "437158b0-49cf-4d0a-bac3-470cd4f2aec3",
            "8ee3e564-44e6-4d10-b042-f10a6951e8f3",
            "a541ddcb-4da0-41f9-acc1-5198c6b283ba"
          ],
          "failures": [],
          "pending": [],
          "skipped": [],
          "duration": 54081,
          "root": false,
          "rootEmpty": false,
          "_timeout": 2000
        }
      ],
      "passes": [],
      "failures": [],
      "pending": [],
      "skipped": [],
      "duration": 0,
      "root": true,
      "rootEmpty": true,
      "_timeout": 2000
    },
    {
      "uuid": "0b824d45-eb6f-4e14-96ea-1770e525f090",
      "title": "",
      "fullFile": "cypress/e2e/flipkart/searchProduct.cy.js",
      "file": "cypress/e2e/flipkart/searchProduct.cy.js",
      "beforeHooks": [],
      "afterHooks": [],
      "tests": [],
      "suites": [
        {
          "uuid": "68599299-e938-4f06-9cb8-29fd823d846d",
          "title": "Search Product Test Suite",
          "fullFile": "",
          "file": "",
          "beforeHooks": [],
          "afterHooks": [],
          "tests": [
            {
              "title": "Search using data from fixture file",
              "fullTitle": "Search Product Test Suite Search using data from fixture file",
              "timedOut": null,
              "duration": 39156,
              "state": "passed",
              "speed": "slow",
              "pass": true,
              "fail": false,
              "pending": false,
              "context": null,
              "code": "cy.fixture('testData/searchData.json').then(searchTests => {\n  searchTests.forEach(test => {\n    cy.log(`🔍 Searching for: ${test.searchKey}`);\n    _SearchProduct.default.enterSearchText(test.searchKey);\n    _SearchProduct.default.clickSearchButton();\n    // Wait for results to load (adjust as needed)\n    cy.wait(2000);\n    // Validate based on expected validity\n    if (test.valid) {\n      cy.get('body').then($body => {\n        if ($body.find('._1YokD2 ._1AtVbE').length > 0) {\n          cy.log(`✅ Valid result found for: ${test.searchKey}`);\n        } else {\n          cy.log(`❌ No valid result found for: ${test.searchKey}`);\n        }\n      });\n    } else {\n      cy.get('body').then($body => {\n        if ($body.text().includes(\"Sorry, no results found\")) {\n          cy.log(`✅ Correctly handled invalid input: ${test.searchKey}`);\n        } else {\n          cy.log(`⚠️ Unexpected result for invalid input: ${test.searchKey}`);\n        }\n      });\n    }\n  });\n});",
              "err": {},
              "uuid": "a2442cc3-a400-4b1c-86f0-d84c53c4b847",
              "parentUUID": "68599299-e938-4f06-9cb8-29fd823d846d",
              "isHook": false,
              "skipped": false
            }
          ],
          "suites": [],
          "passes": [
            "a2442cc3-a400-4b1c-86f0-d84c53c4b847"
          ],
          "failures": [],
          "pending": [],
          "skipped": [],
          "duration": 39156,
          "root": false,
          "rootEmpty": false,
          "_timeout": 2000
        }
      ],
      "passes": [],
      "failures": [],
      "pending": [],
      "skipped": [],
      "duration": 0,
      "root": true,
      "rootEmpty": true,
      "_timeout": 2000
    },
    {
      "uuid": "9a04d56f-9b29-437b-a069-e0279fb9cb16",
      "title": "",
      "fullFile": "cypress/e2e/flipkart/homePageTest.cy.js",
      "file": "cypress/e2e/flipkart/homePageTest.cy.js",
      "beforeHooks": [],
      "afterHooks": [],
      "tests": [],
      "suites": [
        {
          "uuid": "d78fd364-010b-4edf-9946-de814d3d9372",
          "title": "HomePage Test Suite",
          "fullFile": "",
          "file": "",
          "beforeHooks": [],
          "afterHooks": [],
          "tests": [
            {
              "title": "Verify all the elements on the home page",
              "fullTitle": "HomePage Test Suite Verify all the elements on the home page",
              "timedOut": null,
              "duration": 1683,
              "state": "passed",
              "speed": "fast",
              "pass": true,
              "fail": false,
              "pending": false,
              "context": null,
              "code": "_HomePage.default.getLogo(); // Verify the flipkart logo\n_HomePage.default.getSearchBox(); // Verify the search box\n_HomePage.default.getSearchButton(); // Verify the search button\n_HomePage.default.getLoginLink(); // Verify the login link\n_HomePage.default.getCartLink(); // Verify the cart link\n_HomePage.default.getResellerLink(); // Verify the reseller link\n_HomePage.default.getMoreLink(); // Verify the more link",
              "err": {},
              "uuid": "da466814-e258-4c1a-b0fc-a569ca2ae24e",
              "parentUUID": "d78fd364-010b-4edf-9946-de814d3d9372",
              "isHook": false,
              "skipped": false
            },
            {
              "title": "Verify the categories count",
              "fullTitle": "HomePage Test Suite Verify the categories count",
              "timedOut": null,
              "duration": 1758,
              "state": "passed",
              "speed": "fast",
              "pass": true,
              "fail": false,
              "pending": false,
              "context": null,
              "code": "_HomePage.default.getCategoriesLink(); // Check for 9 categories",
              "err": {},
              "uuid": "2105f0fa-459a-4f79-8045-ae01e6ffafd9",
              "parentUUID": "d78fd364-010b-4edf-9946-de814d3d9372",
              "isHook": false,
              "skipped": false
            },
            {
              "title": "Verify category names",
              "fullTitle": "HomePage Test Suite Verify category names",
              "timedOut": null,
              "duration": 1974,
              "state": "passed",
              "speed": "fast",
              "pass": true,
              "fail": false,
              "pending": false,
              "context": null,
              "code": "cy.get('@categories').then(expectedCategories => {\n  cy.verifyCategories(expectedCategories); // Verify the category names\n});",
              "err": {},
              "uuid": "f6b4927b-281b-457d-a248-764a12050c69",
              "parentUUID": "d78fd364-010b-4edf-9946-de814d3d9372",
              "isHook": false,
              "skipped": false
            },
            {
              "title": "Verify the banner",
              "fullTitle": "HomePage Test Suite Verify the banner",
              "timedOut": null,
              "duration": 1114,
              "state": "passed",
              "speed": "fast",
              "pass": true,
              "fail": false,
              "pending": false,
              "context": null,
              "code": "_HomePage.default.getBanner(); // Verify the banner",
              "err": {},
              "uuid": "c882cb6e-bfa4-4311-9c6e-686460ce7627",
              "parentUUID": "d78fd364-010b-4edf-9946-de814d3d9372",
              "isHook": false,
              "skipped": false
            }
          ],
          "suites": [],
          "passes": [
            "da466814-e258-4c1a-b0fc-a569ca2ae24e",
            "2105f0fa-459a-4f79-8045-ae01e6ffafd9",
            "f6b4927b-281b-457d-a248-764a12050c69",
            "c882cb6e-bfa4-4311-9c6e-686460ce7627"
          ],
          "failures": [],
          "pending": [],
          "skipped": [],
          "duration": 6529,
          "root": false,
          "rootEmpty": false,
          "_timeout": 2000
        }
      ],
      "passes": [],
      "failures": [],
      "pending": [],
      "skipped": [],
      "duration": 0,
      "root": true,
      "rootEmpty": true,
      "_timeout": 2000
    }
  ],
  "meta": {
    "mocha": {
      "version": "7.0.1"
    },
    "mochawesome": {
      "options": {
        "quiet": false,
        "reportFilename": "mochawesome",
        "saveHtml": true,
        "saveJson": true,
        "consoleReporter": "spec",
        "useInlineDiffs": false,
        "code": true
      },
      "version": "7.1.3"
    },
    "marge": {
      "options": {
        "id": "default",
        "reportDir": "cypress/reports/mochawesome",
        "overwrite": false,
        "html": true,
        "json": true
      },
      "version": "6.2.0"
    }
  }
}